<?xml version="1.0" encoding="UTF-8"?>
<!-- Generated by org.testng.reporters.JUnitReportReporter -->
<testsuite skipped="0" hostname="Raghav-ANKIV001" name="com.qa.freecrm.tests.HomePageTest" tests="1" failures="0" timestamp="01 Jul 2019 00:19:41 GMT" time="6.461" errors="0">
  <testcase name="verifyHomePageTitleTest" time="6.461" classname="com.qa.freecrm.tests.HomePageTest"/>
</testsuite> <!-- com.qa.freecrm.tests.HomePageTest -->
