<?xml version="1.0" encoding="UTF-8"?>
<!-- Generated by org.testng.reporters.JUnitReportReporter -->
<testsuite skipped="0" hostname="Raghav-ANKIV001" name="com.qa.freecrm.tests.LoginTest" tests="2" failures="0" timestamp="01 Jul 2019 00:19:41 GMT" time="14.602" errors="0">
  <testcase name="loginPageTitleTest" time="7.888" classname="com.qa.freecrm.tests.LoginTest"/>
  <testcase name="freeCrmLoginTest" time="6.714" classname="com.qa.freecrm.tests.LoginTest"/>
</testsuite> <!-- com.qa.freecrm.tests.LoginTest -->
